Проверка файлов с именами длиннее 150 символов в директории ....
Файл с длинным именем: ./zebras have black and white in them and get along can՛t we all？ - зебры полосатые, то черная полоса, то белая и как - то живут, а почему мы не можем？.md (длина имени: 152 символов)
Файл с длинным именем: ./boxes for storing capsules with control and protection system absorbing rods - боксы хранения капсул с поглощающими стержнями системы управления и защиты.md (длина имени: 156 символов)
Файл с длинным именем: ./No. 384 - FZ dated 30᜵12᜵2009, amended 02᜵07᜵2013 - Федеральный закон РФ «Технический регламент о безопасности зданий и сооружений» ❨№ 384 - ФЗ от 30.12.2009 г..md (длина имени: 163 символов)
Файл с длинным именем: ./classification of space heating and ventilation systems, equipment and elements - классификация систем, оборудования и элементов в части отопления и вентиляции.md (длина имени: 162 символов)
Файл с длинным именем: ./classification of mechanical systems, equipment, pipelines and components - классификация систем, оборудования, трубопроводов и элементов теплотехнической части.md (длина имени: 163 символов)
Файл с длинным именем: ./wall-mounted, for 4 ports, in a box, port type FC, APC polishing, fiber type SM - настенный на 4 порта, укомплектованный в коробку, тип портов FC, полировка APC, тип волокна SM.md (длина имени: 179 символов)
Файл с длинным именем: ./automatic water fire fighting facilities for normal operation premises - установки водяного автоматического пожаротушения для помещений нормальной эксплуатации.md (длина имени: 162 символов)
Файл с длинным именем: ./automatic water fire fighting facilities for safety system premises - установки водяного автоматического пожаротушения для помещений систем безопасности.md (длина имени: 155 символов)
Файл с длинным именем: ./manually operated movable worm hoist, load lifting capacity is … t, hoisting height is … m. - таль ручная передвижная, червячная, грузоподъемность … т, высота подъема …. м.md (длина имени: 174 символов)
Файл с длинным именем: ./back-up impedance protection for external short circuit faults - резервная ❨дистанционная❩ защита полного сопротивления при внешних коротких замыканиях.md (длина имени: 154 символов)
Файл с длинным именем: ./structure for demineralized water tanks and contaminated condensate tank - сооружение для баков запаса обессоленной воды и бака загрязненного конденсата.md (длина имени: 155 символов)
Файл с длинным именем: ./power module, with two jacks for optical converters and software - блок питания, c двумя местами для оптических преобразователей и программным обеспечением.md (длина имени: 158 символов)
Файл с длинным именем: ./safety features equipment premises plenum ventilation system - приточная система вентиляции для помещений, оборудованная техническими средствами безопасности.md (длина имени: 160 символов)
Файл с длинным именем: ./recirculation cooling systems of the engineered safety features equipment premises - рециркуляционные системы охлаждения помещений технических средств безопасности.md (длина имени: 166 символов)
Файл с длинным именем: ./system unit for logging and recording from 24 digital communication lines and 4 streams E1 - системный блок для регистрации и записи с 24 цифровых линий связи и 4 потоков Е1.md (длина имени: 176 символов)
Файл с длинным именем: ./equipment for inputting, coding and logging of personnel actions and talks - аппаратура ввода, кодирования и регистрации информации о переговорах и действиях персонала.md (длина имени: 170 символов)
Файл с длинным именем: ./distribution cabinet, wall-mounted, 380 v ac, 36 ka, protection degree ip41 - щиток распределительный, навесной переменного тока 36 ка, напряжением 380 в, степень защиты ip41.md (длина имени: 177 символов)
Файл с длинным именем: ./radial explosion-proof fan with flexible connectors and vibro-insulators - вентилятор радиальный, взрывозащищённый, с виброизоляторами, гибкими вставками.md (длина имени: 156 символов)
Файл с длинным именем: ./radial fan without flexible connectors and vibro-insulators, with a guide vane - вентилятор радиальный без гибких вставок и виброизоляторов, с направляющим аппаратом.md (длина имени: 168 символов)
Файл с длинным именем: ./radial smoke exhaust fan 600°c without flexible connectors and vibro-insulators - радиальный вентилятор дымоудаления, 600 °c, без гибких вставок и виброизоляторов.md (длина имени: 165 символов)
Файл с длинным именем: ./elements of fire-alarm and fire-extinguishing control system in premises - элементы системы пожарной сигнализации и управления пожаротушения помещений.md (длина имени: 153 символов)
Файл с длинным именем: ./multifunctional, analog, with pushbutton dialer, desk-᜵wall-mounted - многофункциональный, аналоговый, с кнопочным номеронабирателем, настольно᜵настенное исполнение.md (длина имени: 167 символов)
Файл с длинным именем: ./Remember to remove your personal data from the products you are returning. - Не забудьте удалить ваши личные данные с товаров, которые вы возвращаете..md (длина имени: 153 символов)
Файл с длинным именем: ./To get information about special offers, subscribe to our mailout. - Чтобы ознакомиться cо специальными предложениями, подпишитесь на нашу почтовую рассылку..md (длина имени: 160 символов)
Файл с длинным именем: ./Unfortunately, we must decline your offer for the following reasons. - К сожалению, мы вынуждены отклонить ваше предложение в связи со следующими причинами..md (длина имени: 159 символов)
Файл с длинным именем: ./With portable battery charger I never care about my battery getting low. - С переносным зарядным устройством я никогда не беспокоюсь о том, что моя батарея садится..md (длина имени: 167 символов)
Файл с длинным именем: ./User manual contains everything you need to know about this device. - Руководство пользователя содержит все, что вам нужно знать об этом устройстве..md (длина имени: 151 символов)
Файл с длинным именем: ./Synchronization with cloud server lets you save your data on the Internet. - Синхронизация с облачным сервером позволяет вам сохранять данные в Интернете..md (длина имени: 157 символов)
Файл с длинным именем: ./I confidently express my interest in your posting on ...for a  .... - Меня заинтересовало объявление о приеме на работу специалиста, размещенное на сайте..md (длина имени: 157 символов)
Файл с длинным именем: ./I would like to express my strong interest in the ... position at company, as listed on ... . - Мне показалось интересной позиция специалиста в компании, опубликованная на сайте..md (длина имени: 181 символов)
Файл с длинным именем: ./With reference to our phone conversation this morning, I hereby confirm... - Что касается нашего телефонного разговора сегодня утром, я подтверждаю ....md (длина имени: 154 символов)
Файл с длинным именем: ./In regard to our conversation this morning, I would like to confirm that... - Относительно нашего разговора сегодня утром я хотел бы подтвердить, что....md (длина имени: 155 символов)
Файл с длинным именем: ./thank you so much for letting us know how our cooperation is important for you - спасибо, что поделились тем, как важно для вас сотрудничество с нами.md (длина имени: 152 символов)
Файл с длинным именем: ./Get your family՛s blessing, and everything should go back to normal. - Получи благословение своей семьи и все, по идее, должно вернуться на свои места..md (длина имени: 154 символов)
Файл с длинным именем: ./Directive on Equal Treatment Disregarding Race or Ethnic Origin, EU - директива ЕС о равном обращении с людьми, независимо от их расового или этнического происхождения.md (длина имени: 170 символов)
Файл с длинным именем: ./Can I ask you to be patient a little longer while I՛m looking for a solution？ - Могу ли я попросить вас проявить больше терпения, пока я ищу решение？.md (длина имени: 152 символов)
Файл с длинным именем: ./When gravity falls, and earth becomes sky, fear the beast with just one eye... - Когда гравитация ослабевает, и земля становится небом, бойтесь зверя с одним глазом….md (длина имени: 168 символов)
Файл с длинным именем: ./I can՛t force someone to love me... but I just wait and see what happens. - Я не могу кого-то заставить любить меня… Но я просто подожду и посмотрю, что произойдёт..md (длина имени: 167 символов)
Файл с длинным именем: ./service instruction to the chief, specialist, employee of the NLMK Group - должностная инструкция руководителю, специалисту, служащему предприятия Группы НЛМК.md (длина имени: 161 символов)
Файл с длинным именем: ./program for maintaining the ״Information Technologies״ functional area - программа поддержания функционального направления «Информационные технологии».md (длина имени: 153 символов)
Файл с длинным именем: ./I don՛t think we can do a deal at this level, I can probably do it for ... - Я не думаю, что мы сможем заключить сделку на этом уровне, я, вероятно, смогу сделать это за.md (длина имени: 172 символов)
Файл с длинным именем: ./long_filenames/service instruction to the chief, specialist, employee of the NLMK Group - должностная инструкция руководителю, специалисту, служащему предприятия Группы НЛМК.md (длина имени: 161 символов)
Файл с длинным именем: ./long_filenames/wall-mounted, for 4 ports, in a box, port type FC, APC polishing, fiber type SM - настенный на 4 порта, укомплектованный в коробку, тип портов FC, полировка APC, тип волокна SM.md (длина имени: 179 символов)
Файл с длинным именем: ./long_filenames/structure for demineralized water tanks and contaminated condensate tank - сооружение для баков запаса обессоленной воды и бака загрязненного конденсата.md (длина имени: 155 символов)
Файл с длинным именем: ./long_filenames/automatic water fire fighting facilities for normal operation premises - установки водяного автоматического пожаротушения для помещений нормальной эксплуатации.md (длина имени: 162 символов)
Файл с длинным именем: ./long_filenames/radial explosion-proof fan with flexible connectors and vibro-insulators - вентилятор радиальный, взрывозащищённый, с виброизоляторами, гибкими вставками.md (длина имени: 156 символов)
Файл с длинным именем: ./long_filenames/equipment for inputting, coding and logging of personnel actions and talks - аппаратура ввода, кодирования и регистрации информации о переговорах и действиях персонала.md (длина имени: 170 символов)
Файл с длинным именем: ./long_filenames/I would like to express my strong interest in the ... position at company, as listed on ... . - Мне показалось интересной позиция специалиста в компании, опубликованная на сайте..md (длина имени: 181 символов)
Файл с длинным именем: ./long_filenames/distribution cabinet, wall-mounted, 380 v ac, 36 ka, protection degree ip41 - щиток распределительный, навесной переменного тока 36 ка, напряжением 380 в, степень защиты ip41.md (длина имени: 177 символов)
Файл с длинным именем: ./long_filenames/system unit for logging and recording from 24 digital communication lines and 4 streams E1 - системный блок для регистрации и записи с 24 цифровых линий связи и 4 потоков Е1.md (длина имени: 176 символов)
Файл с длинным именем: ./long_filenames/thank you so much for letting us know how our cooperation is important for you - спасибо, что поделились тем, как важно для вас сотрудничество с нами.md (длина имени: 152 символов)
Файл с длинным именем: ./long_filenames/Remember to remove your personal data from the products you are returning. - Не забудьте удалить ваши личные данные с товаров, которые вы возвращаете..md (длина имени: 153 символов)
Файл с длинным именем: ./long_filenames/Unfortunately, we must decline your offer for the following reasons. - К сожалению, мы вынуждены отклонить ваше предложение в связи со следующими причинами..md (длина имени: 159 символов)
Файл с длинным именем: ./long_filenames/Get your family՛s blessing, and everything should go back to normal. - Получи благословение своей семьи и все, по идее, должно вернуться на свои места..md (длина имени: 154 символов)
Файл с длинным именем: ./long_filenames/multifunctional, analog, with pushbutton dialer, desk-᜵wall-mounted - многофункциональный, аналоговый, с кнопочным номеронабирателем, настольно᜵настенное исполнение.md (длина имени: 167 символов)
Файл с длинным именем: ./long_filenames/With reference to our phone conversation this morning, I hereby confirm... - Что касается нашего телефонного разговора сегодня утром, я подтверждаю ....md (длина имени: 154 символов)
Файл с длинным именем: ./long_filenames/classification of mechanical systems, equipment, pipelines and components - классификация систем, оборудования, трубопроводов и элементов теплотехнической части.md (длина имени: 163 символов)
Файл с длинным именем: ./long_filenames/With portable battery charger I never care about my battery getting low. - С переносным зарядным устройством я никогда не беспокоюсь о том, что моя батарея садится..md (длина имени: 167 символов)
Файл с длинным именем: ./long_filenames/Directive on Equal Treatment Disregarding Race or Ethnic Origin, EU - директива ЕС о равном обращении с людьми, независимо от их расового или этнического происхождения.md (длина имени: 170 символов)
Файл с длинным именем: ./long_filenames/I don՛t think we can do a deal at this level, I can probably do it for ... - Я не думаю, что мы сможем заключить сделку на этом уровне, я, вероятно, смогу сделать это за.md (длина имени: 172 символов)
Файл с длинным именем: ./long_filenames/radial smoke exhaust fan 600°c without flexible connectors and vibro-insulators - радиальный вентилятор дымоудаления, 600 °c, без гибких вставок и виброизоляторов.md (длина имени: 165 символов)
Файл с длинным именем: ./long_filenames/Can I ask you to be patient a little longer while I՛m looking for a solution？ - Могу ли я попросить вас проявить больше терпения, пока я ищу решение？.md (длина имени: 152 символов)
Файл с длинным именем: ./long_filenames/boxes for storing capsules with control and protection system absorbing rods - боксы хранения капсул с поглощающими стержнями системы управления и защиты.md (длина имени: 156 символов)
Файл с длинным именем: ./long_filenames/No. 384 - FZ dated 30᜵12᜵2009, amended 02᜵07᜵2013 - Федеральный закон РФ «Технический регламент о безопасности зданий и сооружений» ❨№ 384 - ФЗ от 30.12.2009 г..md (длина имени: 163 символов)
Файл с длинным именем: ./long_filenames/safety features equipment premises plenum ventilation system - приточная система вентиляции для помещений, оборудованная техническими средствами безопасности.md (длина имени: 160 символов)
Файл с длинным именем: ./long_filenames/automatic water fire fighting facilities for safety system premises - установки водяного автоматического пожаротушения для помещений систем безопасности.md (длина имени: 155 символов)
Файл с длинным именем: ./long_filenames/I can՛t force someone to love me... but I just wait and see what happens. - Я не могу кого-то заставить любить меня… Но я просто подожду и посмотрю, что произойдёт..md (длина имени: 167 символов)
Файл с длинным именем: ./long_filenames/zebras have black and white in them and get along can՛t we all？ - зебры полосатые, то черная полоса, то белая и как - то живут, а почему мы не можем？.md (длина имени: 152 символов)
Файл с длинным именем: ./long_filenames/recirculation cooling systems of the engineered safety features equipment premises - рециркуляционные системы охлаждения помещений технических средств безопасности.md (длина имени: 166 символов)
Файл с длинным именем: ./long_filenames/program for maintaining the ״Information Technologies״ functional area - программа поддержания функционального направления «Информационные технологии».md (длина имени: 153 символов)
Файл с длинным именем: ./long_filenames/back-up impedance protection for external short circuit faults - резервная ❨дистанционная❩ защита полного сопротивления при внешних коротких замыканиях.md (длина имени: 154 символов)
Файл с длинным именем: ./long_filenames/classification of space heating and ventilation systems, equipment and elements - классификация систем, оборудования и элементов в части отопления и вентиляции.md (длина имени: 162 символов)
Файл с длинным именем: ./long_filenames/radial fan without flexible connectors and vibro-insulators, with a guide vane - вентилятор радиальный без гибких вставок и виброизоляторов, с направляющим аппаратом.md (длина имени: 168 символов)
Файл с длинным именем: ./long_filenames/I confidently express my interest in your posting on ...for a  .... - Меня заинтересовало объявление о приеме на работу специалиста, размещенное на сайте..md (длина имени: 157 символов)
Файл с длинным именем: ./long_filenames/In regard to our conversation this morning, I would like to confirm that... - Относительно нашего разговора сегодня утром я хотел бы подтвердить, что....md (длина имени: 155 символов)
Файл с длинным именем: ./long_filenames/Synchronization with cloud server lets you save your data on the Internet. - Синхронизация с облачным сервером позволяет вам сохранять данные в Интернете..md (длина имени: 157 символов)
Файл с длинным именем: ./long_filenames/User manual contains everything you need to know about this device. - Руководство пользователя содержит все, что вам нужно знать об этом устройстве..md (длина имени: 151 символов)
Файл с длинным именем: ./long_filenames/When gravity falls, and earth becomes sky, fear the beast with just one eye... - Когда гравитация ослабевает, и земля становится небом, бойтесь зверя с одним глазом….md (длина имени: 168 символов)
Файл с длинным именем: ./long_filenames/power module, with two jacks for optical converters and software - блок питания, c двумя местами для оптических преобразователей и программным обеспечением.md (длина имени: 158 символов)
Файл с длинным именем: ./long_filenames/elements of fire-alarm and fire-extinguishing control system in premises - элементы системы пожарной сигнализации и управления пожаротушения помещений.md (длина имени: 153 символов)
Файл с длинным именем: ./long_filenames/manually operated movable worm hoist, load lifting capacity is … t, hoisting height is … m. - таль ручная передвижная, червячная, грузоподъемность … т, высота подъема …. м.md (длина имени: 174 символов)
Файл с длинным именем: ./long_filenames/To get information about special offers, subscribe to our mailout. - Чтобы ознакомиться cо специальными предложениями, подпишитесь на нашу почтовую рассылку..md (длина имени: 160 символов)
Файл с длинным именем: ./HOV 2 + only 2 or more persons per vehicle - Движение разрешено только для транспортных средств, в которых едут два и более человека, включая водителя.md (длина имени: 153 символов)
Файл с длинным именем: ./Christmas comes but once a year, ❨but when it comes it brings good cheer❩. - Рождество раз в год бывает, но когда оно приходит — с собой веселье приносит..md (длина имени: 157 символов)
Файл с длинным именем: ./system for purifying blow - offs from equipment containing liquid radioactive media - система очистки сдувок из оборудования жидких радиоактивных сред.md (длина имени: 153 символов)
Файл с длинным именем: ./crane in the pyrolysis installation section for receiving solid radioactive wastes - кран на участке приема твердых радиоактивных отходов установки пиролиза.md (длина имени: 159 символов)
Файл с длинным именем: ./weighing coefficients for tissues and organs in calculating the effective dose - взвешивающие коэффициенты для тканей и органов при расчете эффективной дозы.md (длина имени: 159 символов)
Файл с длинным именем: ./rack-mounted, with drawout panel for 8 FC ports, in a set with pigtails and adapters - cтоечный с выдвижной панелью на 8 портов FC, в комплекте с пигтейлами и адаптерами.md (длина имени: 172 символов)
Файл с длинным именем: ./recirculation air cooling systems in the containment unattended volume - рециркуляционные системы охлаждения воздуха необслуживаемого объема оболочки.md (длина имени: 152 символов)
Файл с длинным именем: ./recording server for logging and recording from 24 digital communication lines and 4 streams E1 - сервер записи для регистрации и записи с 24 цифровых линий связи и 4 потоков Е1.md (длина имени: 180 символов)
Файл с длинным именем: ./rated power 8 kva, maintaining time 60 min., in a set with storage batteries - номинальная мощность 8 ква, время поддержки 60 минут, в комплекте с аккумуляторными батареями.md (длина имени: 175 символов)
Файл с длинным именем: ./arrangement of DECT radio channel, for connection of two external antennas, IP21 - организация радиоканала технологии DECT, для подключения двух внешних антенн, IP21.md (длина имени: 168 символов)
Файл с длинным именем: ./axial fan with flexible connector at one side and without vibro-insulator - осевой вентилятор с гибкой вставкой с одной стороны и без виброизолятора.md (длина имени: 151 символов)
Файл с длинным именем: ./Pre-ordered items will be available for pickup after their release date. - Предварительно заказанные товары можно будет забрать после даты их выхода..md (длина имени: 152 символов)
Файл с длинным именем: ./You can fully control this TV using your smartphone via Wi-Fi. - Вы можете полностью контролировать этот телевизор с помощью вашего смартфона через Wi-Fi..md (длина имени: 157 символов)
Файл с длинным именем: ./Downloads during daily free hours do not count toward monthly traffic. - Загрузки во время ежедневных бесплатных часов не засчитываются в месячный трафик..md (длина имени: 157 символов)
Файл с длинным именем: ./In order to confirm what we discussed earlier, I would like to note to you that... - Подтверждая то, что мы обсудили ранее, я бы хотел обратить ваше внимание на то, что....md (длина имени: 174 символов)
Файл с длинным именем: ./our cooperation is important to us and we hope to continue working with you - наше сотрудничество очень важно для нас, и мы надеемся, что и дальше будем с вами работать.md (длина имени: 171 символов)
Файл с длинным именем: ./It՛s my first time here, could you recommend any nice places to visit？ - Я здесь впервые, не могли бы вы порекомендовать какие-либо интересные места для посещения？.md (длина имени: 166 символов)
Файл с длинным именем: ./The nap room is something I՛ll definitely suggest to my colleagues back home. - Комната отдыха - это то, что я обязательно предложу своим коллегам, вернувшись домой..md (длина имени: 168 символов)
